Arguments: 
  /usr/bin/node /usr/share/yarn/bin/yarn.js

PATH: 
  /usr/bin:/home/kali/flutter/bin:/home/kali/flutter:/usr/bin:/home/kali/flutter/bin:/home/kali/flutter:/home/kali/Android/flutter/bin:/home/kali/Android/cmdline-tools/latest/bin:/home/kali

Yarn version: 
  1.22.5

Node version: 
  12.21.0

Platform: 
  linux x64

Trace: 
  Error: https://registry.yarnpkg.com/typescript/-/typescript-4.4.3.tgz: unexpected end of file
      at Zlib.zlibOnError [as onerror] (zlib.js:182:17)

npm manifest: 
  {
    "name": "frontend",
    "version": "0.0.0",
    "scripts": {
      "dev": "vite",
      "build": "vue-tsc --noEmit && vite build",
      "serve": "vite preview"
    },
    "dependencies": {
      "vue": "^3.2.16"
    },
    "devDependencies": {
      "@vitejs/plugin-vue": "^1.9.3",
      "typescript": "^4.4.3",
      "vite": "^2.6.4",
      "vue-tsc": "^0.3.0"
    }
  }

yarn manifest: 
  No manifest

Lockfile: 
  No lockfile
